<?xml version="1.0" encoding="UTF-8"?>
<!-- Generated by org.testng.reporters.JUnitReportReporter -->
<testsuite hostname="DESKTOP-DIQQ4MD" failures="0" tests="1" name="testCases.Booking" time="6.327" errors="0" timestamp="2022-07-25T17:42:50 IST" skipped="0">
  <testcase classname="testCases.Booking" name="BangloreToDelhi" time="6.327"/>
  <system-out/>
</testsuite> <!-- testCases.Booking -->
