<?xml version="1.0" encoding="UTF-8"?>
<!-- Generated by org.testng.reporters.JUnitReportReporter -->
<testsuite hostname="DESKTOP-DIQQ4MD" failures="0" tests="1" name="ClearTrip.FlightBooking.AppTest" time="0.006" errors="0" timestamp="2022-07-25T12:46:32 IST" skipped="0">
  <testcase classname="ClearTrip.FlightBooking.AppTest" name="shouldAnswerWithTrue" time="0.006"/>
  <system-out/>
</testsuite> <!-- ClearTrip.FlightBooking.AppTest -->
